Started GET "/" for 127.0.0.1 at 2019-07-03 23:16:46 -0500
  [1m[35m (93.5ms)[0m  [1m[35mSET NAMES utf8,  @@SESSION.sql_mode = CONCAT(CONCAT(@@sql_mode, ',STRICT_ALL_TABLES'), ',NO_AUTO_VALUE_ON_ZERO'),  @@SESSION.sql_auto_is_null = 0, @@SESSION.wait_timeout = 2147483[0m
  [1m[35m (99.9ms)[0m  [1m[34mSELECT `schema_migrations`.`version` FROM `schema_migrations` ORDER BY `schema_migrations`.`version` ASC[0m
Processing by Rails::WelcomeController#index as HTML
  Rendering /home/christian/.rvm/gems/ruby-2.6.0/gems/railties-5.1.6/lib/rails/templates/rails/welcome/index.html.erb
  Rendered /home/christian/.rvm/gems/ruby-2.6.0/gems/railties-5.1.6/lib/rails/templates/rails/welcome/index.html.erb (6.0ms)
Completed 200 OK in 65ms (Views: 40.7ms | ActiveRecord: 0.0ms)


Started GET "/new/users" for 127.0.0.1 at 2019-07-03 23:17:00 -0500
  
ActionController::RoutingError (No route matches [GET] "/new/users"):
  
actionpack (5.1.6) lib/action_dispatch/middleware/debug_exceptions.rb:63:in `call'
web-console (3.6.1) lib/web_console/middleware.rb:135:in `call_app'
web-console (3.6.1) lib/web_console/middleware.rb:30:in `block in call'
web-console (3.6.1) lib/web_console/middleware.rb:20:in `catch'
web-console (3.6.1) lib/web_console/middleware.rb:20:in `call'
actionpack (5.1.6) lib/action_dispatch/middleware/show_exceptions.rb:31:in `call'
railties (5.1.6) lib/rails/rack/logger.rb:36:in `call_app'
railties (5.1.6) lib/rails/rack/logger.rb:24:in `block in call'
activesupport (5.1.6) lib/active_support/tagged_logging.rb:69:in `block in tagged'
activesupport (5.1.6) lib/active_support/tagged_logging.rb:26:in `tagged'
activesupport (5.1.6) lib/active_support/tagged_logging.rb:69:in `tagged'
railties (5.1.6) lib/rails/rack/logger.rb:24:in `call'
sprockets-rails (3.2.1) lib/sprockets/rails/quiet_assets.rb:13:in `call'
actionpack (5.1.6) lib/action_dispatch/middleware/remote_ip.rb:79:in `call'
actionpack (5.1.6) lib/action_dispatch/middleware/request_id.rb:25:in `call'
rack (2.0.5) lib/rack/method_override.rb:22:in `call'
rack (2.0.5) lib/rack/runtime.rb:22:in `call'
activesupport (5.1.6) lib/active_support/cache/strategy/local_cache_middleware.rb:27:in `call'
actionpack (5.1.6) lib/action_dispatch/middleware/executor.rb:12:in `call'
actionpack (5.1.6) lib/action_dispatch/middleware/static.rb:125:in `call'
rack (2.0.5) lib/rack/sendfile.rb:111:in `call'
railties (5.1.6) lib/rails/engine.rb:522:in `call'
puma (3.11.4) lib/puma/configuration.rb:225:in `call'
puma (3.11.4) lib/puma/server.rb:632:in `handle_request'
puma (3.11.4) lib/puma/server.rb:446:in `process_client'
puma (3.11.4) lib/puma/server.rb:306:in `block in run'
puma (3.11.4) lib/puma/thread_pool.rb:120:in `block in spawn_thread'
Started GET "/new/user" for 127.0.0.1 at 2019-07-03 23:17:02 -0500
  
ActionController::RoutingError (No route matches [GET] "/new/user"):
  
actionpack (5.1.6) lib/action_dispatch/middleware/debug_exceptions.rb:63:in `call'
web-console (3.6.1) lib/web_console/middleware.rb:135:in `call_app'
web-console (3.6.1) lib/web_console/middleware.rb:30:in `block in call'
web-console (3.6.1) lib/web_console/middleware.rb:20:in `catch'
web-console (3.6.1) lib/web_console/middleware.rb:20:in `call'
actionpack (5.1.6) lib/action_dispatch/middleware/show_exceptions.rb:31:in `call'
railties (5.1.6) lib/rails/rack/logger.rb:36:in `call_app'
railties (5.1.6) lib/rails/rack/logger.rb:24:in `block in call'
activesupport (5.1.6) lib/active_support/tagged_logging.rb:69:in `block in tagged'
activesupport (5.1.6) lib/active_support/tagged_logging.rb:26:in `tagged'
activesupport (5.1.6) lib/active_support/tagged_logging.rb:69:in `tagged'
railties (5.1.6) lib/rails/rack/logger.rb:24:in `call'
sprockets-rails (3.2.1) lib/sprockets/rails/quiet_assets.rb:13:in `call'
actionpack (5.1.6) lib/action_dispatch/middleware/remote_ip.rb:79:in `call'
actionpack (5.1.6) lib/action_dispatch/middleware/request_id.rb:25:in `call'
rack (2.0.5) lib/rack/method_override.rb:22:in `call'
rack (2.0.5) lib/rack/runtime.rb:22:in `call'
activesupport (5.1.6) lib/active_support/cache/strategy/local_cache_middleware.rb:27:in `call'
actionpack (5.1.6) lib/action_dispatch/middleware/executor.rb:12:in `call'
actionpack (5.1.6) lib/action_dispatch/middleware/static.rb:125:in `call'
rack (2.0.5) lib/rack/sendfile.rb:111:in `call'
railties (5.1.6) lib/rails/engine.rb:522:in `call'
puma (3.11.4) lib/puma/configuration.rb:225:in `call'
puma (3.11.4) lib/puma/server.rb:632:in `handle_request'
puma (3.11.4) lib/puma/server.rb:446:in `process_client'
puma (3.11.4) lib/puma/server.rb:306:in `block in run'
puma (3.11.4) lib/puma/thread_pool.rb:120:in `block in spawn_thread'
Started GET "/users/new" for 127.0.0.1 at 2019-07-03 23:17:23 -0500
Processing by UsersController#new as HTML
  [1m[35m (105.4ms)[0m  [1m[35mSET NAMES utf8,  @@SESSION.sql_mode = CONCAT(CONCAT(@@sql_mode, ',STRICT_ALL_TABLES'), ',NO_AUTO_VALUE_ON_ZERO'),  @@SESSION.sql_auto_is_null = 0, @@SESSION.wait_timeout = 2147483[0m
  Rendering users/new.html.erb within layouts/application
  Rendered users/_form.html.erb (99.8ms)
  Rendered users/new.html.erb within layouts/application (100.9ms)
Completed 200 OK in 1407ms (Views: 114.1ms | ActiveRecord: 472.7ms)


Started POST "/users" for 127.0.0.1 at 2019-07-03 23:17:39 -0500
Processing by UsersController#create as HTML
  Parameters: {"utf8"=>"✓", "authenticity_token"=>"NfEdRnsNqBapyoMFNioKcu5mm6Ku+LdSjSnz1nfch7kML9EA1tHqTLNiCAKueoQRYedcOgKZRVIiati65l91FA==", "user"=>{"name"=>"Christian", "lastname"=>"Sanabria", "email"=>"cdsanabriar@unal.edu.co", "code"=>"1032456334"}, "commit"=>"Create User"}
  [1m[35m (170.2ms)[0m  [1m[35mBEGIN[0m
  [1m[35mSQL (96.2ms)[0m  [1m[32mINSERT INTO `users` (`name`, `lastname`, `email`, `code`, `created_at`, `updated_at`) VALUES ('Christian', 'Sanabria', 'cdsanabriar@unal.edu.co', '1032456334', '2019-07-04 04:17:39', '2019-07-04 04:17:39')[0m
  [1m[35m (96.8ms)[0m  [1m[35mCOMMIT[0m
Redirected to http://localhost:3000/users/1
Completed 302 Found in 369ms (ActiveRecord: 363.2ms)


Started GET "/users/1" for 127.0.0.1 at 2019-07-03 23:17:40 -0500
Processing by UsersController#show as HTML
  Parameters: {"id"=>"1"}
  [1m[36mUser Load (121.5ms)[0m  [1m[34mSELECT  `users`.* FROM `users` WHERE `users`.`id` = 1 LIMIT 1[0m
  Rendering users/show.html.erb within layouts/application
  Rendered users/show.html.erb within layouts/application (0.7ms)
Completed 200 OK in 260ms (Views: 2.2ms | ActiveRecord: 121.5ms)


